<?xml version="1.0" encoding="UTF-8"?>
<coverage generated="1789401787893" clover="3.2.0">
  <project timestamp="1789401787893" name="All files">
    <metrics statements="22" coveredstatements="22" conditionals="5" coveredconditionals="5" methods="5" coveredmethods="5" elements="32" coveredelements="32" complexity="0" loc="22" ncloc="22" packages="1" files="1" classes="1"/>
    <file name="exporter.ts" path="C:\Users\Сократ\Documents\GitHub\Mail-threads-task\project\mail-threads-task\src\exporter.ts">
      <metrics statements="22" coveredstatements="22" conditionals="5" coveredconditionals="5" methods="5" coveredmethods="5"/>
      <line num="2" count="2" type="stmt"/>
      <line num="3" count="2" type="stmt"/>
      <line num="4" count="2" type="stmt"/>
      <line num="5" count="2" type="stmt"/>
      <line num="19" count="2" type="stmt"/>
      <line num="22" count="2" type="stmt"/>
      <line num="25" count="16" type="stmt"/>
      <line num="35" count="2" type="stmt"/>
      <line num="36" count="17" type="stmt"/>
      <line num="40" count="2" type="stmt"/>
      <line num="43" count="19" type="stmt"/>
      <line num="45" count="19" type="stmt"/>
      <line num="46" count="17" type="stmt"/>
      <line num="48" count="17" type="stmt"/>
      <line num="49" count="16" type="stmt"/>
      <line num="51" count="15" type="stmt"/>
      <line num="55" count="2" type="stmt"/>
      <line num="56" count="2" type="stmt"/>
      <line num="57" count="2" type="stmt"/>
      <line num="58" count="1" type="stmt"/>
      <line num="60" count="1" type="stmt"/>
      <line num="61" count="1" type="stmt"/>
    </file>
  </project>
</coverage>
