{"C:\\Users\\Сократ\\Documents\\GitHub\\Mail-threads-task\\project\\mail-threads-task\\src\\exporter.ts": {"path":"C:\\Users\\Сократ\\Documents\\GitHub\\Mail-threads-task\\project\\mail-threads-task\\src\\exporter.ts","statementMap":{"0":{"start":{"line":2,"column":0},"end":{"line":2,"column":47}},"1":{"start":{"line":3,"column":0},"end":{"line":3,"column":31}},"2":{"start":{"line":4,"column":0},"end":{"line":4,"column":50}},"3":{"start":{"line":5,"column":0},"end":{"line":5,"column":38}},"4":{"start":{"line":19,"column":28},"end":{"line":19,"column":48}},"5":{"start":{"line":22,"column":15},"end":{"line":22,"column":55}},"6":{"start":{"line":25,"column":19},"end":{"line":33,"column":2}},"7":{"start":{"line":25,"column":58},"end":{"line":33,"column":2}},"8":{"start":{"line":35,"column":18},"end":{"line":37,"column":31}},"9":{"start":{"line":36,"column":2},"end":{"line":37,"column":31}},"10":{"start":{"line":36,"column":20},"end":{"line":36,"column":51}},"11":{"start":{"line":40,"column":25},"end":{"line":52,"column":1}},"12":{"start":{"line":43,"column":2},"end":{"line":43,"column":48}},"13":{"start":{"line":45,"column":15},"end":{"line":45,"column":37}},"14":{"start":{"line":46,"column":18},"end":{"line":46,"column":33}},"15":{"start":{"line":48,"column":2},"end":{"line":48,"column":56}},"16":{"start":{"line":49,"column":2},"end":{"line":49,"column":48}},"17":{"start":{"line":51,"column":2},"end":{"line":51,"column":69}},"18":{"start":{"line":40,"column":13},"end":{"line":40,"column":25}},"19":{"start":{"line":55,"column":22},"end":{"line":63,"column":1}},"20":{"start":{"line":56,"column":2},"end":{"line":62,"column":3}},"21":{"start":{"line":57,"column":4},"end":{"line":57,"column":22}},"22":{"start":{"line":58,"column":4},"end":{"line":58,"column":20}},"23":{"start":{"line":60,"column":4},"end":{"line":60,"column":43}},"24":{"start":{"line":61,"column":4},"end":{"line":61,"column":20}},"25":{"start":{"line":55,"column":13},"end":{"line":55,"column":22}}},"fnMap":{"0":{"name":"(anonymous_0)","decl":{"start":{"line":25,"column":19},"end":{"line":25,"column":20}},"loc":{"start":{"line":25,"column":58},"end":{"line":33,"column":2}}},"1":{"name":"(anonymous_1)","decl":{"start":{"line":35,"column":18},"end":{"line":35,"column":19}},"loc":{"start":{"line":36,"column":2},"end":{"line":37,"column":31}}},"2":{"name":"(anonymous_2)","decl":{"start":{"line":36,"column":11},"end":{"line":36,"column":12}},"loc":{"start":{"line":36,"column":20},"end":{"line":36,"column":51}}},"3":{"name":"(anonymous_3)","decl":{"start":{"line":40,"column":25},"end":{"line":40,"column":30}},"loc":{"start":{"line":42,"column":19},"end":{"line":52,"column":1}}},"4":{"name":"(anonymous_4)","decl":{"start":{"line":55,"column":22},"end":{"line":55,"column":27}},"loc":{"start":{"line":55,"column":48},"end":{"line":63,"column":1}}}},"branchMap":{"0":{"loc":{"start":{"line":32,"column":10},"end":{"line":32,"column":54}},"type":"cond-expr","locations":[{"start":{"line":32,"column":23},"end":{"line":32,"column":47}},{"start":{"line":32,"column":50},"end":{"line":32,"column":54}}]},"1":{"loc":{"start":{"line":37,"column":3},"end":{"line":37,"column":30}},"type":"cond-expr","locations":[{"start":{"line":37,"column":21},"end":{"line":37,"column":25}},{"start":{"line":37,"column":28},"end":{"line":37,"column":30}}]},"2":{"loc":{"start":{"line":41,"column":2},"end":{"line":41,"column":42}},"type":"default-arg","locations":[{"start":{"line":41,"column":23},"end":{"line":41,"column":42}}]}},"s":{"0":2,"1":2,"2":2,"3":2,"4":2,"5":2,"6":2,"7":16,"8":2,"9":17,"10":16,"11":2,"12":19,"13":19,"14":17,"15":17,"16":16,"17":15,"18":2,"19":2,"20":2,"21":2,"22":1,"23":1,"24":1,"25":2},"f":{"0":16,"1":17,"2":16,"3":19,"4":2},"b":{"0":[1,15],"1":[14,3],"2":[2]}}
}
