TN:
SF:src\exporter.ts
FN:25,(anonymous_0)
FN:35,(anonymous_1)
FN:36,(anonymous_2)
FN:40,(anonymous_3)
FN:55,(anonymous_4)
FNF:5
FNH:5
FNDA:16,(anonymous_0)
FNDA:17,(anonymous_1)
FNDA:16,(anonymous_2)
FNDA:19,(anonymous_3)
FNDA:2,(anonymous_4)
DA:2,2
DA:3,2
DA:4,2
DA:5,2
DA:19,2
DA:22,2
DA:25,16
DA:35,2
DA:36,17
DA:40,2
DA:43,19
DA:45,19
DA:46,17
DA:48,17
DA:49,16
DA:51,15
DA:55,2
DA:56,2
DA:57,2
DA:58,1
DA:60,1
DA:61,1
LF:22
LH:22
BRDA:32,0,0,1
BRDA:32,0,1,15
BRDA:37,1,0,14
BRDA:37,1,1,3
BRDA:41,2,0,2
BRF:5
BRH:5
end_of_record
